#
# A fatal error has been detected by the Java Runtime Environment:
#
#  EXCEPTION_ACCESS_VIOLATION (0xc0000005) at pc=0x000002118000c540, pid=162560, tid=60668
#
# JRE version: OpenJDK Runtime Environment (17.0.1+12) (build 17.0.1+12-39)
# Java VM: OpenJDK 64-Bit Server VM (17.0.1+12-39, mixed mode, sharing, tiered, compressed oops, compressed class ptrs, g1 gc, windows-amd64)
# Problematic frame:
# C  0x000002118000c540
#
# No core dump will be written. Minidumps are not enabled by default on client versions of Windows
#
# If you would like to submit a bug report, please visit:
#   https://bugreport.java.com/bugreport/crash.jsp
#

---------------  S U M M A R Y ------------

Command Line: -Dmaven.multiModuleProjectDirectory=E:\Users\james\Desktop\IntelliJ Proj\KeeleMCServer\KeeleSurvival -Dmaven.home=E:\JetBrains\IntelliJ IDEA 2022.2.3\plugins\maven\lib\maven3 -Dclassworlds.conf=E:\JetBrains\IntelliJ IDEA 2022.2.3\plugins\maven\lib\maven3\bin\m2.conf -Dmaven.ext.class.path=E:\JetBrains\IntelliJ IDEA 2022.2.3\plugins\maven\lib\maven-event-listener.jar -javaagent:E:\JetBrains\IntelliJ IDEA 2022.2.3\lib\idea_rt.jar=56808:E:\JetBrains\IntelliJ IDEA 2022.2.3\bin -Dfile.encoding=UTF-8 org.codehaus.classworlds.Launcher -Didea.version=2022.2.3 clean package

Host: Intel(R) Core(TM) i5-9400F CPU @ 2.90GHz, 6 cores, 31G,  Windows 10 , 64 bit Build 22000 (10.0.22000.708)
Time: Thu Jan 12 03:52:09 2023 GMT Standard Time elapsed time: 2.688876 seconds (0d 0h 0m 2s)

---------------  T H R E A D  ---------------

Current thread (0x00000213f4952ce0):  JavaThread "main" [_thread_in_Java, id=60668, stack(0x000000ba68f00000,0x000000ba69000000)]

Stack: [0x000000ba68f00000,0x000000ba69000000],  sp=0x000000ba68ffdb40,  free space=1014k
Native frames: (J=compiled Java code, j=interpreted, Vv=VM code, C=native code)
C  0x000002118000c540


siginfo: EXCEPTION_ACCESS_VIOLATION (0xc0000005), data execution prevention violation at address 0x000002118000c540


Register to memory mapping:

RIP=0x000002118000c540 is an unknown value
RAX=0x0000000800d663f0 is a pointer to class: 
org.eclipse.aether.collection.DependencyGraphTransformationContext {0x0000000800d663f8}
 - instance size:     2
 - klass size:        63
 - access:            public interface abstract 
 - state:             linked
 - name:              'org/eclipse/aether/collection/DependencyGraphTransformationContext'
 - super:             'java/lang/Object'
 - sub:               
 - nof implementors:  1
 - implementor:    
   'org/eclipse/aether/internal/impl/collect/DefaultDependencyGraphTransformationContext'
 - arrays:            NULL
 - methods:           Array<T>(0x00000213a3d893b8)
 - method ordering:   Array<T>(0x00000008008df108)
 - default_methods:   Array<T>(0x0000000000000000)
 - local interfaces:  Array<T>(0x00000008005af118)
 - trans. interfaces: Array<T>(0x00000008005af118)
 - constants:         constant pool [13] {0x00000213a3d892e8} for 'org/eclipse/aether/collection/DependencyGraphTransformationContext' cache=0x00000213a40520b0
 - class loader data:  loader data: 0x00000213a1a3f7f0 for instance a 'org/codehaus/plexus/classworlds/realm/ClassRealm'{0x0000000601400188}
 - source file:       'DependencyGraphTransformationContext.java'
 - class annotations:       Array<T>(0x0000000000000000)
 - class type annotations:  Array<T>(0x0000000000000000)
 - field annotations:       Array<T>(0x0000000000000000)
 - field type annotations:  Array<T>(0x0000000000000000)
 - inner classes:     Array<T>(0x00000008005af0a8)
 - nest members:     Array<T>(0x00000008005af0a8)
 - permitted subclasses:     Array<T>(0x00000008005af0a8)
 - java mirror:       a 'java/lang/Class'{0x00000006208569d8} = 'org/eclipse/aether/collection/DependencyGraphTransformationContext'
 - vtable length      5  (start addr: 0x0000000800d665b8)
 - itable length      0 (start addr: 0x0000000800d665e0)
 - ---- static fields (0 words):
 - ---- non-static fields (0 words):
 - non-static oop maps: 
RBX={method} {0x00000213a4051ed0} 'get' '(Ljava/lang/Object;)Ljava/lang/Object;' in 'org/eclipse/aether/internal/impl/collect/DefaultDependencyGraphTransformationContext'
RCX={method} {0x00000213a3d89498} 'get' '(Ljava/lang/Object;)Ljava/lang/Object;' in 'org/eclipse/aether/collection/DependencyGraphTransformationContext'
RDX=0x0 is NULL
RSP=0x000000ba68ffdb40 is pointing into the stack for thread: 0x00000213f4952ce0
RBP=0x000000ba68ffdba0 is pointing into the stack for thread: 0x00000213f4952ce0
RSI=0x0000000000000005 is an unknown value
RDI=0x0 is NULL
R8 =0x000000061d7f99e8 is an oop: java.util.HashMap 
{0x000000061d7f99e8} - klass: 'java/util/HashMap'
 - ---- fields (total size 6 words):
 - transient 'keySet' 'Ljava/util/Set;' @12  NULL (0)
 - transient 'values' 'Ljava/util/Collection;' @16  NULL (0)
 - transient 'size' 'I' @20  1
 - transient 'modCount' 'I' @24  1
 - 'threshold' 'I' @28  12 (c)
 - final 'loadFactor' 'F' @32  0.750000 (3f400000)
 - transient 'table' '[Ljava/util/HashMap$Node;' @36  a 'java/util/HashMap$Node'[16] {0x000000061d7f9a18} (c3aff343)
 - transient 'entrySet' 'Ljava/util/Set;' @40  NULL (0)
R9 =0x000000061dbe7328 is an oop: java.lang.Class 
{0x000000061dbe7328} - klass: 'java/lang/Class'
 - ---- fields (total size 16 words):
 - private volatile transient 'classRedefinedCount' 'I' @12  0
 - private volatile transient 'cachedConstructor' 'Ljava/lang/reflect/Constructor;' @40  NULL (0)
 - private transient 'name' 'Ljava/lang/String;' @44  "org.eclipse.aether.util.graph.transformer.TransformationContextKeys"{0x000000061dbe73b8} (c3b7ce77)
 - private transient 'module' 'Ljava/lang/Module;' @48  a 'java/lang/Module'{0x000000060141af48} (c02835e9)
 - private final 'classLoader' 'Ljava/lang/ClassLoader;' @52  a 'org/codehaus/plexus/classworlds/realm/ClassRealm'{0x0000000601400188} (c0280031)
 - private transient 'classData' 'Ljava/lang/Object;' @56  NULL (0)
 - private transient 'packageName' 'Ljava/lang/String;' @60  "org.eclipse.aether.util.graph.transformer"{0x000000062029d778} (c4053aef)
 - private final 'componentType' 'Ljava/lang/Class;' @64  NULL (0)
 - private volatile transient 'reflectionData' 'Ljava/lang/ref/SoftReference;' @68  NULL (0)
 - private volatile transient 'genericInfo' 'Lsun/reflect/generics/repository/ClassRepository;' @72  NULL (0)
 - private volatile transient 'enumConstants' '[Ljava/lang/Object;' @76  NULL (0)
 - private volatile transient 'enumConstantDirectory' 'Ljava/util/Map;' @80  NULL (0)
 - private volatile transient 'annotationData' 'Ljava/lang/Class$AnnotationData;' @84  NULL (0)
 - private volatile transient 'annotationType' 'Lsun/reflect/annotation/AnnotationType;' @88  NULL (0)
 - transient 'classValueMap' 'Ljava/lang/ClassValue$ClassValueMap;' @92  NULL (0)
 - signature: Lorg/eclipse/aether/util/graph/transformer/TransformationContextKeys;
 - fake entry for mirror: 'org/eclipse/aether/util/graph/transformer/TransformationContextKeys'
 - fake entry for array: NULL
 - fake entry for oop_size: 16
 - fake entry for static_oop_field_count: 4
 - public static final 'CONFLICT_IDS' 'Ljava/lang/Object;' @112  "conflictIds"{0x000000061dbe74a0} (c3b7ce94)
 - public static final 'SORTED_CONFLICT_IDS' 'Ljava/lang/Object;' @116  "sortedConflictIds"{0x000000061dbe74d8} (c3b7ce9b)
 - public static final 'CYCLIC_CONFLICT_IDS' 'Ljava/lang/Object;' @120  "cyclicConflictIds"{0x000000061dbe7518} (c3b7cea3)
 - public static final 'STATS' 'Ljava/lang/Object;' @124  "stats"{0x000000061dbe7558} (c3b7ceab)
R10=0x0000000800000000 is pointing into metadata
R11=746960 is a compressed pointer to class: 0x00000008000b65d0
java.util.HashMap {0x00000008000b65d8}
 - instance size:     6
 - klass size:        127
 - access:            public synchronized 
 - state:             fully_initialized
 - name:              'java/util/HashMap'
 - super:             'java/util/AbstractMap'
 - sub:               'org/apache/maven/artifact/versioning/ManagedVersionMap'   'java/lang/ProcessEnvironment'   'java/util/LinkedHashMap'   
 - arrays:            NULL
 - methods:           Array<T>(0x000000080067f888)
 - method ordering:   Array<T>(0x000000080067fa60)
 - default_methods:   Array<T>(0x0000000000000000)
 - local interfaces:  Array<T>(0x000000080067fa40)
 - trans. interfaces: Array<T>(0x000000080067e480)
 - constants:         constant pool [610] {0x000000080067e4a8} for 'java/util/HashMap' cache=0x0000000800380988
 - class loader data:  loader data: 0x00000213ff97a120 of 'bootstrap'
 - source file:       'HashMap.java'
 - class annotations:       Array<T>(0x0000000000000000)
 - class type annotations:  Array<T>(0x0000000000000000)
 - field annotations:       Array<T>(0x0000000000000000)
 - field type annotations:  Array<T>(0x0000000000000000)
 - generic signature: '<K:Ljava/lang/Object;V:Ljava/lang/Object;>Ljava/util/AbstractMap<TK;TV;>;Ljava/util/Map<TK;TV;>;Ljava/lang/Cloneable;Ljava/io/Serializable;'
 - inner classes:     Array<T>(0x000000080067f7f8)
 - nest members:     Array<T>(0x000000080067fbe8)
 - permitted subclasses:     Array<T>(0x00000008005af0a8)
 - java mirror:       a 'java/lang/Class'{0x00000006017a01b0} = 'java/util/HashMap'
 - vtable length      39  (start addr: 0x00000008000b6798)
 - itable length      29 (start addr: 0x00000008000b68d0)
 - ---- static fields (4 words):
 - private static final 'serialVersionUID' 'J' @112 
 - static final 'DEFAULT_INITIAL_CAPACITY' 'I' @120 
 - static final 'MAXIMUM_CAPACITY' 'I' @124 
 - static final 'DEFAULT_LOAD_FACTOR' 'F' @128 
 - static final 'TREEIFY_THRESHOLD' 'I' @132 
 - static final 'UNTREEIFY_THRESHOLD' 'I' @136 
 - static final 'MIN_TREEIFY_CAPACITY' 'I' @140 
 - ---- non-static fields (8 words):
 - transient 'keySet' 'Ljava/util/Set;' @12 
 - transient 'values' 'Ljava/util/Collection;' @16 
 - transient 'size' 'I' @20 
 - transient 'modCount' 'I' @24 
 - 'threshold' 'I' @28 
 - final 'loadFactor' 'F' @32 
 - transient 'table' '[Ljava/util/HashMap$Node;' @36 
 - transient 'entrySet' 'Ljava/util/Set;' @40 
 - non-static oop maps: 12-16 36-40 
R12=0x0 is NULL
R13=0x000000ba68ffdb48 is pointing into the stack for thread: 0x00000213f4952ce0
R14=0x0000000800dbf190 is a pointer to class: 
org.eclipse.aether.internal.impl.collect.DefaultDependencyGraphTransformationContext {0x0000000800dbf198}
 - instance size:     3
 - klass size:        73
 - access:            synchronized 
 - state:             fully_initialized
 - name:              'org/eclipse/aether/internal/impl/collect/DefaultDependencyGraphTransformationContext'
 - super:             'java/lang/Object'
 - sub:               
 - arrays:            NULL
 - methods:           Array<T>(0x00000213a4051cd8)
 - method ordering:   Array<T>(0x00000008008df108)
 - default_methods:   Array<T>(0x0000000000000000)
 - local interfaces:  Array<T>(0x00000213a402cfe8)
 - trans. interfaces: Array<T>(0x00000213a402cfe8)
 - constants:         constant pool [67] {0x00000213a4051a40} for 'org/eclipse/aether/internal/impl/collect/DefaultDependencyGraphTransformationContext' cache=0x00000213a40520d0
 - class loader data:  loader data: 0x00000213a1a3f7f0 for instance a 'org/codehaus/plexus/classworlds/realm/ClassRealm'{0x0000000601400188}
 - source file:       'DefaultDependencyGraphTransformationContext.java'
 - class annotations:       Array<T>(0x0000000000000000)
 - class type annotations:  Array<T>(0x0000000000000000)
 - field annotations:       Array<T>(0x0000000000000000)
 - field type annotations:  Array<T>(0x0000000000000000)
 - inner classes:     Array<T>(0x00000008005af0a8)
 - nest members:     Array<T>(0x00000008005af0a8)
 - permitted subclasses:     Array<T>(0x00000008005af0a8)
 - java mirror:       a 'java/lang/Class'{0x000000061dbe49f8} = 'org/eclipse/aether/internal/impl/collect/DefaultDependencyGraphTransformationContext'
 - vtable length      8  (start addr: 0x0000000800dbf358)
 - itable length      7 (start addr: 0x0000000800dbf398)
 - ---- static fields (0 words):
 - ---- non-static fields (2 words):
 - private final 'session' 'Lorg/eclipse/aether/RepositorySystemSession;' @12 
 - private final 'map' 'Ljava/util/Map;' @16 
 - non-static oop maps: 12-16 
R15=0x00000213f4952ce0 is a thread


Registers:
RAX=0x0000000800d663f0, RBX=0x00000213a4051ec8, RCX=0x00000213a3d89490, RDX=0x0000000000000000
RSP=0x000000ba68ffdb40, RBP=0x000000ba68ffdba0, RSI=0x0000000000000005, RDI=0x0000000000000000
R8 =0x000000061d7f99e8, R9 =0x000000061dbe7328, R10=0x0000000800000000, R11=0x00000000000b65d0
R12=0x0000000000000000, R13=0x000000ba68ffdb48, R14=0x0000000800dbf190, R15=0x00000213f4952ce0
RIP=0x000002118000c540, EFLAGS=0x0000000000010246

Top of Stack: (sp=0x000000ba68ffdb40)
0x000000ba68ffdb40:   0000021380009abb 000000061dbe74d8
0x000000ba68ffdb50:   000000061d7f99d0 000000ba68ffdb58
0x000000ba68ffdb60:   00000213a3ee670c 000000ba68ffdc20
0x000000ba68ffdb70:   00000213a3ee7270 0000000000000000
0x000000ba68ffdb80:   00000006202f7c48 00000213a3ee6ab0
0x000000ba68ffdb90:   000000ba68ffdb48 000000ba68ffdc10
0x000000ba68ffdba0:   000000ba68ffdc70 0000021380009abb
0x000000ba68ffdbb0:   0000000000000000 0000000000000000
0x000000ba68ffdbc0:   0000000000000000 0000000000000000
0x000000ba68ffdbd0:   0000000000000000 0000000000000000
0x000000ba68ffdbe0:   0000000000000000 0000000000000000
0x000000ba68ffdbf0:   0000000000000000 0000000000000000
0x000000ba68ffdc00:   0000000000000000 0000000000000000
0x000000ba68ffdc10:   000000061d7f99d0 000000061d6b58e0
0x000000ba68ffdc20:   00000006202f7ee8 000000ba68ffdc28
0x000000ba68ffdc30:   00000213a3ee9bed 000000ba68ffdcb0 

Instructions: (pc=0x000002118000c540)
0x000002118000c440:   ?? ?? ?? ?? ?? ?? ?? ?? ?? ?? ?? ?? ?? ?? ?? ??
0x000002118000c450:   ?? ?? ?? ?? ?? ?? ?? ?? ?? ?? ?? ?? ?? ?? ?? ??
0x000002118000c460:   ?? ?? ?? ?? ?? ?? ?? ?? ?? ?? ?? ?? ?? ?? ?? ??
0x000002118000c470:   ?? ?? ?? ?? ?? ?? ?? ?? ?? ?? ?? ?? ?? ?? ?? ??
0x000002118000c480:   ?? ?? ?? ?? ?? ?? ?? ?? ?? ?? ?? ?? ?? ?? ?? ??
0x000002118000c490:   ?? ?? ?? ?? ?? ?? ?? ?? ?? ?? ?? ?? ?? ?? ?? ??
0x000002118000c4a0:   ?? ?? ?? ?? ?? ?? ?? ?? ?? ?? ?? ?? ?? ?? ?? ??
0x000002118000c4b0:   ?? ?? ?? ?? ?? ?? ?? ?? ?? ?? ?? ?? ?? ?? ?? ??
0x000002118000c4c0:   ?? ?? ?? ?? ?? ?? ?? ?? ?? ?? ?? ?? ?? ?? ?? ??
0x000002118000c4d0:   ?? ?? ?? ?? ?? ?? ?? ?? ?? ?? ?? ?? ?? ?? ?? ??
0x000002118000c4e0:   ?? ?? ?? ?? ?? ?? ?? ?? ?? ?? ?? ?? ?? ?? ?? ??
0x000002118000c4f0:   ?? ?? ?? ?? ?? ?? ?? ?? ?? ?? ?? ?? ?? ?? ?? ??
0x000002118000c500:   ?? ?? ?? ?? ?? ?? ?? ?? ?? ?? ?? ?? ?? ?? ?? ??
0x000002118000c510:   ?? ?? ?? ?? ?? ?? ?? ?? ?? ?? ?? ?? ?? ?? ?? ??
0x000002118000c520:   ?? ?? ?? ?? ?? ?? ?? ?? ?? ?? ?? ?? ?? ?? ?? ??
0x000002118000c530:   ?? ?? ?? ?? ?? ?? ?? ?? ?? ?? ?? ?? ?? ?? ?? ??
0x000002118000c540:   ?? ?? ?? ?? ?? ?? ?? ?? ?? ?? ?? ?? ?? ?? ?? ??
0x000002118000c550:   ?? ?? ?? ?? ?? ?? ?? ?? ?? ?? ?? ?? ?? ?? ?? ??
0x000002118000c560:   ?? ?? ?? ?? ?? ?? ?? ?? ?? ?? ?? ?? ?? ?? ?? ??
0x000002118000c570:   ?? ?? ?? ?? ?? ?? ?? ?? ?? ?? ?? ?? ?? ?? ?? ??
0x000002118000c580:   ?? ?? ?? ?? ?? ?? ?? ?? ?? ?? ?? ?? ?? ?? ?? ??
0x000002118000c590:   ?? ?? ?? ?? ?? ?? ?? ?? ?? ?? ?? ?? ?? ?? ?? ??
0x000002118000c5a0:   ?? ?? ?? ?? ?? ?? ?? ?? ?? ?? ?? ?? ?? ?? ?? ??
0x000002118000c5b0:   ?? ?? ?? ?? ?? ?? ?? ?? ?? ?? ?? ?? ?? ?? ?? ??
0x000002118000c5c0:   ?? ?? ?? ?? ?? ?? ?? ?? ?? ?? ?? ?? ?? ?? ?? ??
0x000002118000c5d0:   ?? ?? ?? ?? ?? ?? ?? ?? ?? ?? ?? ?? ?? ?? ?? ??
0x000002118000c5e0:   ?? ?? ?? ?? ?? ?? ?? ?? ?? ?? ?? ?? ?? ?? ?? ??
0x000002118000c5f0:   ?? ?? ?? ?? ?? ?? ?? ?? ?? ?? ?? ?? ?? ?? ?? ??
0x000002118000c600:   ?? ?? ?? ?? ?? ?? ?? ?? ?? ?? ?? ?? ?? ?? ?? ??
0x000002118000c610:   ?? ?? ?? ?? ?? ?? ?? ?? ?? ?? ?? ?? ?? ?? ?? ??
0x000002118000c620:   ?? ?? ?? ?? ?? ?? ?? ?? ?? ?? ?? ?? ?? ?? ?? ??
0x000002118000c630:   ?? ?? ?? ?? ?? ?? ?? ?? ?? ?? ?? ?? ?? ?? ?? ?? 


Stack slot to memory mapping:
stack at sp + 0 slots: 0x0000021380009abb is at code_begin+2587 in an Interpreter codelet
return entry points  [0x00000213800090a0, 0x0000021380009ba0]  2816 bytes
stack at sp + 1 slots: 0x000000061dbe74d8 is an oop: java.lang.String 
{0x000000061dbe74d8} - klass: 'java/lang/String'
 - string: "sortedConflictIds"
stack at sp + 2 slots: 0x000000061d7f99d0 is an oop: org.eclipse.aether.internal.impl.collect.DefaultDependencyGraphTransformationContext 
{0x000000061d7f99d0} - klass: 'org/eclipse/aether/internal/impl/collect/DefaultDependencyGraphTransformationContext'
 - ---- fields (total size 3 words):
 - private final 'session' 'Lorg/eclipse/aether/RepositorySystemSession;' @12  a 'org/eclipse/aether/DefaultRepositorySystemSession'{0x000000061d6449f8} (c3ac893f)
 - private final 'map' 'Ljava/util/Map;' @16  a 'java/util/HashMap'{0x000000061d7f99e8} (c3aff33d)
stack at sp + 3 slots: 0x000000ba68ffdb58 is pointing into the stack for thread: 0x00000213f4952ce0
stack at sp + 4 slots: 0x00000213a3ee670c is pointing into metadata
stack at sp + 5 slots: 0x000000ba68ffdc20 is pointing into the stack for thread: 0x00000213f4952ce0
stack at sp + 6 slots: 0x00000213a3ee7270 is pointing into metadata
stack at sp + 7 slots: 0x0 is NULL


---------------  P R O C E S S  ---------------

Threads class SMR info:
_java_thread_list=0x00000213a320e150, length=14, elements={
0x00000213f4952ce0, 0x00000213ffab36c0, 0x00000213ffab4a10, 0x00000213a190d8a0,
0x00000213a190e250, 0x00000213a190f010, 0x00000213a19135d0, 0x00000213a1915d70,
0x00000213a1919d10, 0x00000213a191b640, 0x00000213a19118f0, 0x00000213a1913aa0,
0x00000213a1911dc0, 0x00000213a3732eb0
}

Java Threads: ( => current thread )
=>0x00000213f4952ce0 JavaThread "main" [_thread_in_Java, id=60668, stack(0x000000ba68f00000,0x000000ba69000000)]
  0x00000213ffab36c0 JavaThread "Reference Handler" daemon [_thread_blocked, id=31276, stack(0x000000ba69600000,0x000000ba69700000)]
  0x00000213ffab4a10 JavaThread "Finalizer" daemon [_thread_blocked, id=61040, stack(0x000000ba69700000,0x000000ba69800000)]
  0x00000213a190d8a0 JavaThread "Signal Dispatcher" daemon [_thread_blocked, id=161860, stack(0x000000ba69800000,0x000000ba69900000)]
  0x00000213a190e250 JavaThread "Attach Listener" daemon [_thread_blocked, id=156260, stack(0x000000ba69900000,0x000000ba69a00000)]
  0x00000213a190f010 JavaThread "Service Thread" daemon [_thread_blocked, id=153716, stack(0x000000ba69a00000,0x000000ba69b00000)]
  0x00000213a19135d0 JavaThread "Monitor Deflation Thread" daemon [_thread_blocked, id=155744, stack(0x000000ba69b00000,0x000000ba69c00000)]
  0x00000213a1915d70 JavaThread "C2 CompilerThread0" daemon [_thread_in_native, id=162696, stack(0x000000ba69c00000,0x000000ba69d00000)]
  0x00000213a1919d10 JavaThread "C1 CompilerThread0" daemon [_thread_blocked, id=53444, stack(0x000000ba69d00000,0x000000ba69e00000)]
  0x00000213a191b640 JavaThread "Sweeper thread" daemon [_thread_blocked, id=61244, stack(0x000000ba69e00000,0x000000ba69f00000)]
  0x00000213a19118f0 JavaThread "Common-Cleaner" daemon [_thread_blocked, id=61212, stack(0x000000ba69f00000,0x000000ba6a000000)]
  0x00000213a1913aa0 JavaThread "Monitor Ctrl-Break" daemon [_thread_in_native, id=53944, stack(0x000000ba6a000000,0x000000ba6a100000)]
  0x00000213a1911dc0 JavaThread "Notification Thread" daemon [_thread_blocked, id=60488, stack(0x000000ba6a100000,0x000000ba6a200000)]
  0x00000213a3732eb0 JavaThread "C2 CompilerThread1" daemon [_thread_blocked, id=159980, stack(0x000000ba6a300000,0x000000ba6a400000)]

Other Threads:
  0x00000213ffaad480 VMThread "VM Thread" [stack: 0x000000ba69500000,0x000000ba69600000] [id=61088]
  0x00000213a1b3a080 WatcherThread [stack: 0x000000ba6a200000,0x000000ba6a300000] [id=61412]
  0x00000213f49c6680 GCTaskThread "GC Thread#0" [stack: 0x000000ba69000000,0x000000ba69100000] [id=159336]
  0x00000213a226c4f0 GCTaskThread "GC Thread#1" [stack: 0x000000ba6a400000,0x000000ba6a500000] [id=160824]
  0x00000213a226c7a0 GCTaskThread "GC Thread#2" [stack: 0x000000ba6a500000,0x000000ba6a600000] [id=161588]
  0x00000213a226ca50 GCTaskThread "GC Thread#3" [stack: 0x000000ba6a600000,0x000000ba6a700000] [id=160480]
  0x00000213a29c1010 GCTaskThread "GC Thread#4" [stack: 0x000000ba6a700000,0x000000ba6a800000] [id=161232]
  0x00000213a29c1740 GCTaskThread "GC Thread#5" [stack: 0x000000ba6a800000,0x000000ba6a900000] [id=14400]
  0x00000213f49d8680 ConcurrentGCThread "G1 Main Marker" [stack: 0x000000ba69100000,0x000000ba69200000] [id=160596]
  0x00000213f49d9830 ConcurrentGCThread "G1 Conc#0" [stack: 0x000000ba69200000,0x000000ba69300000] [id=161104]
  0x00000213ff968950 ConcurrentGCThread "G1 Refine#0" [stack: 0x000000ba69300000,0x000000ba69400000] [id=156012]
  0x00000213ff96a220 ConcurrentGCThread "G1 Service" [stack: 0x000000ba69400000,0x000000ba69500000] [id=52860]

Threads with active compile tasks:
C2 CompilerThread0     2727 3136       4       org.codehaus.plexus.util.xml.pull.MXParser::parseAttribute (1641 bytes)

VM state: not at safepoint (normal execution)

VM Mutex/Monitor currently owned by a thread: None

Heap address: 0x0000000601400000, size: 8172 MB, Compressed Oops mode: Zero based, Oop shift amount: 3

CDS archive(s) mapped at: [0x0000000800000000-0x0000000800bc0000-0x0000000800bc0000), size 12320768, SharedBaseAddress: 0x0000000800000000, ArchiveRelocationMode: 0.
Compressed class space mapped at: 0x0000000800c00000-0x0000000840c00000, reserved size: 1073741824
Narrow klass base: 0x0000000800000000, Narrow klass shift: 0, Narrow klass range: 0x100000000

GC Precious Log:
 CPUs: 6 total, 6 available
 Memory: 32685M
 Large Page Support: Disabled
 NUMA Support: Disabled
 Compressed Oops: Enabled (Zero based)
 Heap Region Size: 4M
 Heap Min Capacity: 8M
 Heap Initial Capacity: 512M
 Heap Max Capacity: 8172M
 Pre-touch: Disabled
 Parallel Workers: 6
 Concurrent Workers: 2
 Concurrent Refinement Workers: 6
 Periodic GC: Disabled

Heap:
 garbage-first heap   total 524288K, used 62392K [0x0000000601400000, 0x0000000800000000)
  region size 4096K, 16 young (65536K), 1 survivors (4096K)
 Metaspace       used 13586K, committed 13760K, reserved 1064960K
  class space    used 1545K, committed 1600K, reserved 1048576K

Heap Regions: E=young(eden), S=young(survivor), O=old, HS=humongous(starts), HC=humongous(continues), CS=collection set, F=free, OA=open archive, CA=closed archive, TAMS=top-at-mark-start (previous, next)
|   0|0x0000000601400000, 0x00000006017a9200, 0x0000000601800000| 91%| O|  |TAMS 0x0000000601400000, 0x0000000601400000| Untracked 
|   1|0x0000000601800000, 0x0000000601800000, 0x0000000601c00000|  0%| F|  |TAMS 0x0000000601800000, 0x0000000601800000| Untracked 
|   2|0x0000000601c00000, 0x0000000601c00000, 0x0000000602000000|  0%| F|  |TAMS 0x0000000601c00000, 0x0000000601c00000| Untracked 
|   3|0x0000000602000000, 0x0000000602000000, 0x0000000602400000|  0%| F|  |TAMS 0x0000000602000000, 0x0000000602000000| Untracked 
|   4|0x0000000602400000, 0x0000000602400000, 0x0000000602800000|  0%| F|  |TAMS 0x0000000602400000, 0x0000000602400000| Untracked 
|   5|0x0000000602800000, 0x0000000602800000, 0x0000000602c00000|  0%| F|  |TAMS 0x0000000602800000, 0x0000000602800000| Untracked 
|   6|0x0000000602c00000, 0x0000000602c00000, 0x0000000603000000|  0%| F|  |TAMS 0x0000000602c00000, 0x0000000602c00000| Untracked 
|   7|0x0000000603000000, 0x0000000603000000, 0x0000000603400000|  0%| F|  |TAMS 0x0000000603000000, 0x0000000603000000| Untracked 
|   8|0x0000000603400000, 0x0000000603400000, 0x0000000603800000|  0%| F|  |TAMS 0x0000000603400000, 0x0000000603400000| Untracked 
|   9|0x0000000603800000, 0x0000000603800000, 0x0000000603c00000|  0%| F|  |TAMS 0x0000000603800000, 0x0000000603800000| Untracked 
|  10|0x0000000603c00000, 0x0000000603c00000, 0x0000000604000000|  0%| F|  |TAMS 0x0000000603c00000, 0x0000000603c00000| Untracked 
|  11|0x0000000604000000, 0x0000000604000000, 0x0000000604400000|  0%| F|  |TAMS 0x0000000604000000, 0x0000000604000000| Untracked 
|  12|0x0000000604400000, 0x0000000604400000, 0x0000000604800000|  0%| F|  |TAMS 0x0000000604400000, 0x0000000604400000| Untracked 
|  13|0x0000000604800000, 0x0000000604800000, 0x0000000604c00000|  0%| F|  |TAMS 0x0000000604800000, 0x0000000604800000| Untracked 
|  14|0x0000000604c00000, 0x0000000604c00000, 0x0000000605000000|  0%| F|  |TAMS 0x0000000604c00000, 0x0000000604c00000| Untracked 
|  15|0x0000000605000000, 0x0000000605000000, 0x0000000605400000|  0%| F|  |TAMS 0x0000000605000000, 0x0000000605000000| Untracked 
|  16|0x0000000605400000, 0x0000000605400000, 0x0000000605800000|  0%| F|  |TAMS 0x0000000605400000, 0x0000000605400000| Untracked 
|  17|0x0000000605800000, 0x0000000605800000, 0x0000000605c00000|  0%| F|  |TAMS 0x0000000605800000, 0x0000000605800000| Untracked 
|  18|0x0000000605c00000, 0x0000000605c00000, 0x0000000606000000|  0%| F|  |TAMS 0x0000000605c00000, 0x0000000605c00000| Untracked 
|  19|0x0000000606000000, 0x0000000606000000, 0x0000000606400000|  0%| F|  |TAMS 0x0000000606000000, 0x0000000606000000| Untracked 
|  20|0x0000000606400000, 0x0000000606400000, 0x0000000606800000|  0%| F|  |TAMS 0x0000000606400000, 0x0000000606400000| Untracked 
|  21|0x0000000606800000, 0x0000000606800000, 0x0000000606c00000|  0%| F|  |TAMS 0x0000000606800000, 0x0000000606800000| Untracked 
|  22|0x0000000606c00000, 0x0000000606c00000, 0x0000000607000000|  0%| F|  |TAMS 0x0000000606c00000, 0x0000000606c00000| Untracked 
|  23|0x0000000607000000, 0x0000000607000000, 0x0000000607400000|  0%| F|  |TAMS 0x0000000607000000, 0x0000000607000000| Untracked 
|  24|0x0000000607400000, 0x0000000607400000, 0x0000000607800000|  0%| F|  |TAMS 0x0000000607400000, 0x0000000607400000| Untracked 
|  25|0x0000000607800000, 0x0000000607800000, 0x0000000607c00000|  0%| F|  |TAMS 0x0000000607800000, 0x0000000607800000| Untracked 
|  26|0x0000000607c00000, 0x0000000607c00000, 0x0000000608000000|  0%| F|  |TAMS 0x0000000607c00000, 0x0000000607c00000| Untracked 
|  27|0x0000000608000000, 0x0000000608000000, 0x0000000608400000|  0%| F|  |TAMS 0x0000000608000000, 0x0000000608000000| Untracked 
|  28|0x0000000608400000, 0x0000000608400000, 0x0000000608800000|  0%| F|  |TAMS 0x0000000608400000, 0x0000000608400000| Untracked 
|  29|0x0000000608800000, 0x0000000608800000, 0x0000000608c00000|  0%| F|  |TAMS 0x0000000608800000, 0x0000000608800000| Untracked 
|  30|0x0000000608c00000, 0x0000000608c00000, 0x0000000609000000|  0%| F|  |TAMS 0x0000000608c00000, 0x0000000608c00000| Untracked 
|  31|0x0000000609000000, 0x0000000609000000, 0x0000000609400000|  0%| F|  |TAMS 0x0000000609000000, 0x0000000609000000| Untracked 
|  32|0x0000000609400000, 0x0000000609400000, 0x0000000609800000|  0%| F|  |TAMS 0x0000000609400000, 0x0000000609400000| Untracked 
|  33|0x0000000609800000, 0x0000000609800000, 0x0000000609c00000|  0%| F|  |TAMS 0x0000000609800000, 0x0000000609800000| Untracked 
|  34|0x0000000609c00000, 0x0000000609c00000, 0x000000060a000000|  0%| F|  |TAMS 0x0000000609c00000, 0x0000000609c00000| Untracked 
|  35|0x000000060a000000, 0x000000060a000000, 0x000000060a400000|  0%| F|  |TAMS 0x000000060a000000, 0x000000060a000000| Untracked 
|  36|0x000000060a400000, 0x000000060a400000, 0x000000060a800000|  0%| F|  |TAMS 0x000000060a400000, 0x000000060a400000| Untracked 
|  37|0x000000060a800000, 0x000000060a800000, 0x000000060ac00000|  0%| F|  |TAMS 0x000000060a800000, 0x000000060a800000| Untracked 
|  38|0x000000060ac00000, 0x000000060ac00000, 0x000000060b000000|  0%| F|  |TAMS 0x000000060ac00000, 0x000000060ac00000| Untracked 
|  39|0x000000060b000000, 0x000000060b000000, 0x000000060b400000|  0%| F|  |TAMS 0x000000060b000000, 0x000000060b000000| Untracked 
|  40|0x000000060b400000, 0x000000060b400000, 0x000000060b800000|  0%| F|  |TAMS 0x000000060b400000, 0x000000060b400000| Untracked 
|  41|0x000000060b800000, 0x000000060b800000, 0x000000060bc00000|  0%| F|  |TAMS 0x000000060b800000, 0x000000060b800000| Untracked 
|  42|0x000000060bc00000, 0x000000060bc00000, 0x000000060c000000|  0%| F|  |TAMS 0x000000060bc00000, 0x000000060bc00000| Untracked 
|  43|0x000000060c000000, 0x000000060c000000, 0x000000060c400000|  0%| F|  |TAMS 0x000000060c000000, 0x000000060c000000| Untracked 
|  44|0x000000060c400000, 0x000000060c400000, 0x000000060c800000|  0%| F|  |TAMS 0x000000060c400000, 0x000000060c400000| Untracked 
|  45|0x000000060c800000, 0x000000060c800000, 0x000000060cc00000|  0%| F|  |TAMS 0x000000060c800000, 0x000000060c800000| Untracked 
|  46|0x000000060cc00000, 0x000000060cc00000, 0x000000060d000000|  0%| F|  |TAMS 0x000000060cc00000, 0x000000060cc00000| Untracked 
|  47|0x000000060d000000, 0x000000060d000000, 0x000000060d400000|  0%| F|  |TAMS 0x000000060d000000, 0x000000060d000000| Untracked 
|  48|0x000000060d400000, 0x000000060d400000, 0x000000060d800000|  0%| F|  |TAMS 0x000000060d400000, 0x000000060d400000| Untracked 
|  49|0x000000060d800000, 0x000000060d800000, 0x000000060dc00000|  0%| F|  |TAMS 0x000000060d800000, 0x000000060d800000| Untracked 
|  50|0x000000060dc00000, 0x000000060dc00000, 0x000000060e000000|  0%| F|  |TAMS 0x000000060dc00000, 0x000000060dc00000| Untracked 
|  51|0x000000060e000000, 0x000000060e000000, 0x000000060e400000|  0%| F|  |TAMS 0x000000060e000000, 0x000000060e000000| Untracked 
|  52|0x000000060e400000, 0x000000060e400000, 0x000000060e800000|  0%| F|  |TAMS 0x000000060e400000, 0x000000060e400000| Untracked 
|  53|0x000000060e800000, 0x000000060e800000, 0x000000060ec00000|  0%| F|  |TAMS 0x000000060e800000, 0x000000060e800000| Untracked 
|  54|0x000000060ec00000, 0x000000060ec00000, 0x000000060f000000|  0%| F|  |TAMS 0x000000060ec00000, 0x000000060ec00000| Untracked 
|  55|0x000000060f000000, 0x000000060f000000, 0x000000060f400000|  0%| F|  |TAMS 0x000000060f000000, 0x000000060f000000| Untracked 
|  56|0x000000060f400000, 0x000000060f400000, 0x000000060f800000|  0%| F|  |TAMS 0x000000060f400000, 0x000000060f400000| Untracked 
|  57|0x000000060f800000, 0x000000060f800000, 0x000000060fc00000|  0%| F|  |TAMS 0x000000060f800000, 0x000000060f800000| Untracked 
|  58|0x000000060fc00000, 0x000000060fc00000, 0x0000000610000000|  0%| F|  |TAMS 0x000000060fc00000, 0x000000060fc00000| Untracked 
|  59|0x0000000610000000, 0x0000000610000000, 0x0000000610400000|  0%| F|  |TAMS 0x0000000610000000, 0x0000000610000000| Untracked 
|  60|0x0000000610400000, 0x0000000610400000, 0x0000000610800000|  0%| F|  |TAMS 0x0000000610400000, 0x0000000610400000| Untracked 
|  61|0x0000000610800000, 0x0000000610800000, 0x0000000610c00000|  0%| F|  |TAMS 0x0000000610800000, 0x0000000610800000| Untracked 
|  62|0x0000000610c00000, 0x0000000610c00000, 0x0000000611000000|  0%| F|  |TAMS 0x0000000610c00000, 0x0000000610c00000| Untracked 
|  63|0x0000000611000000, 0x0000000611000000, 0x0000000611400000|  0%| F|  |TAMS 0x0000000611000000, 0x0000000611000000| Untracked 
|  64|0x0000000611400000, 0x0000000611400000, 0x0000000611800000|  0%| F|  |TAMS 0x0000000611400000, 0x0000000611400000| Untracked 
|  65|0x0000000611800000, 0x0000000611800000, 0x0000000611c00000|  0%| F|  |TAMS 0x0000000611800000, 0x0000000611800000| Untracked 
|  66|0x0000000611c00000, 0x0000000611c00000, 0x0000000612000000|  0%| F|  |TAMS 0x0000000611c00000, 0x0000000611c00000| Untracked 
|  67|0x0000000612000000, 0x0000000612000000, 0x0000000612400000|  0%| F|  |TAMS 0x0000000612000000, 0x0000000612000000| Untracked 
|  68|0x0000000612400000, 0x0000000612400000, 0x0000000612800000|  0%| F|  |TAMS 0x0000000612400000, 0x0000000612400000| Untracked 
|  69|0x0000000612800000, 0x0000000612800000, 0x0000000612c00000|  0%| F|  |TAMS 0x0000000612800000, 0x0000000612800000| Untracked 
|  70|0x0000000612c00000, 0x0000000612c00000, 0x0000000613000000|  0%| F|  |TAMS 0x0000000612c00000, 0x0000000612c00000| Untracked 
|  71|0x0000000613000000, 0x0000000613000000, 0x0000000613400000|  0%| F|  |TAMS 0x0000000613000000, 0x0000000613000000| Untracked 
|  72|0x0000000613400000, 0x0000000613400000, 0x0000000613800000|  0%| F|  |TAMS 0x0000000613400000, 0x0000000613400000| Untracked 
|  73|0x0000000613800000, 0x0000000613800000, 0x0000000613c00000|  0%| F|  |TAMS 0x0000000613800000, 0x0000000613800000| Untracked 
|  74|0x0000000613c00000, 0x0000000613c00000, 0x0000000614000000|  0%| F|  |TAMS 0x0000000613c00000, 0x0000000613c00000| Untracked 
|  75|0x0000000614000000, 0x0000000614000000, 0x0000000614400000|  0%| F|  |TAMS 0x0000000614000000, 0x0000000614000000| Untracked 
|  76|0x0000000614400000, 0x0000000614400000, 0x0000000614800000|  0%| F|  |TAMS 0x0000000614400000, 0x0000000614400000| Untracked 
|  77|0x0000000614800000, 0x0000000614800000, 0x0000000614c00000|  0%| F|  |TAMS 0x0000000614800000, 0x0000000614800000| Untracked 
|  78|0x0000000614c00000, 0x0000000614c00000, 0x0000000615000000|  0%| F|  |TAMS 0x0000000614c00000, 0x0000000614c00000| Untracked 
|  79|0x0000000615000000, 0x0000000615000000, 0x0000000615400000|  0%| F|  |TAMS 0x0000000615000000, 0x0000000615000000| Untracked 
|  80|0x0000000615400000, 0x0000000615400000, 0x0000000615800000|  0%| F|  |TAMS 0x0000000615400000, 0x0000000615400000| Untracked 
|  81|0x0000000615800000, 0x0000000615800000, 0x0000000615c00000|  0%| F|  |TAMS 0x0000000615800000, 0x0000000615800000| Untracked 
|  82|0x0000000615c00000, 0x0000000615c00000, 0x0000000616000000|  0%| F|  |TAMS 0x0000000615c00000, 0x0000000615c00000| Untracked 
|  83|0x0000000616000000, 0x0000000616000000, 0x0000000616400000|  0%| F|  |TAMS 0x0000000616000000, 0x0000000616000000| Untracked 
|  84|0x0000000616400000, 0x0000000616400000, 0x0000000616800000|  0%| F|  |TAMS 0x0000000616400000, 0x0000000616400000| Untracked 
|  85|0x0000000616800000, 0x0000000616800000, 0x0000000616c00000|  0%| F|  |TAMS 0x0000000616800000, 0x0000000616800000| Untracked 
|  86|0x0000000616c00000, 0x0000000616c00000, 0x0000000617000000|  0%| F|  |TAMS 0x0000000616c00000, 0x0000000616c00000| Untracked 
|  87|0x0000000617000000, 0x0000000617000000, 0x0000000617400000|  0%| F|  |TAMS 0x0000000617000000, 0x0000000617000000| Untracked 
|  88|0x0000000617400000, 0x0000000617400000, 0x0000000617800000|  0%| F|  |TAMS 0x0000000617400000, 0x0000000617400000| Untracked 
|  89|0x0000000617800000, 0x0000000617800000, 0x0000000617c00000|  0%| F|  |TAMS 0x0000000617800000, 0x0000000617800000| Untracked 
|  90|0x0000000617c00000, 0x0000000617c00000, 0x0000000618000000|  0%| F|  |TAMS 0x0000000617c00000, 0x0000000617c00000| Untracked 
|  91|0x0000000618000000, 0x0000000618000000, 0x0000000618400000|  0%| F|  |TAMS 0x0000000618000000, 0x0000000618000000| Untracked 
|  92|0x0000000618400000, 0x0000000618400000, 0x0000000618800000|  0%| F|  |TAMS 0x0000000618400000, 0x0000000618400000| Untracked 
|  93|0x0000000618800000, 0x0000000618800000, 0x0000000618c00000|  0%| F|  |TAMS 0x0000000618800000, 0x0000000618800000| Untracked 
|  94|0x0000000618c00000, 0x0000000618c00000, 0x0000000619000000|  0%| F|  |TAMS 0x0000000618c00000, 0x0000000618c00000| Untracked 
|  95|0x0000000619000000, 0x0000000619000000, 0x0000000619400000|  0%| F|  |TAMS 0x0000000619000000, 0x0000000619000000| Untracked 
|  96|0x0000000619400000, 0x0000000619400000, 0x0000000619800000|  0%| F|  |TAMS 0x0000000619400000, 0x0000000619400000| Untracked 
|  97|0x0000000619800000, 0x0000000619800000, 0x0000000619c00000|  0%| F|  |TAMS 0x0000000619800000, 0x0000000619800000| Untracked 
|  98|0x0000000619c00000, 0x0000000619c00000, 0x000000061a000000|  0%| F|  |TAMS 0x0000000619c00000, 0x0000000619c00000| Untracked 
|  99|0x000000061a000000, 0x000000061a000000, 0x000000061a400000|  0%| F|  |TAMS 0x000000061a000000, 0x000000061a000000| Untracked 
| 100|0x000000061a400000, 0x000000061a400000, 0x000000061a800000|  0%| F|  |TAMS 0x000000061a400000, 0x000000061a400000| Untracked 
| 101|0x000000061a800000, 0x000000061a800000, 0x000000061ac00000|  0%| F|  |TAMS 0x000000061a800000, 0x000000061a800000| Untracked 
| 102|0x000000061ac00000, 0x000000061ac00000, 0x000000061b000000|  0%| F|  |TAMS 0x000000061ac00000, 0x000000061ac00000| Untracked 
| 103|0x000000061b000000, 0x000000061b000000, 0x000000061b400000|  0%| F|  |TAMS 0x000000061b000000, 0x000000061b000000| Untracked 
| 104|0x000000061b400000, 0x000000061b400000, 0x000000061b800000|  0%| F|  |TAMS 0x000000061b400000, 0x000000061b400000| Untracked 
| 105|0x000000061b800000, 0x000000061b800000, 0x000000061bc00000|  0%| F|  |TAMS 0x000000061b800000, 0x000000061b800000| Untracked 
| 106|0x000000061bc00000, 0x000000061bc00000, 0x000000061c000000|  0%| F|  |TAMS 0x000000061bc00000, 0x000000061bc00000| Untracked 
| 107|0x000000061c000000, 0x000000061c000000, 0x000000061c400000|  0%| F|  |TAMS 0x000000061c000000, 0x000000061c000000| Untracked 
| 108|0x000000061c400000, 0x000000061c400000, 0x000000061c800000|  0%| F|  |TAMS 0x000000061c400000, 0x000000061c400000| Untracked 
| 109|0x000000061c800000, 0x000000061c800000, 0x000000061cc00000|  0%| F|  |TAMS 0x000000061c800000, 0x000000061c800000| Untracked 
| 110|0x000000061cc00000, 0x000000061cc00000, 0x000000061d000000|  0%| F|  |TAMS 0x000000061cc00000, 0x000000061cc00000| Untracked 
| 111|0x000000061d000000, 0x000000061d000000, 0x000000061d400000|  0%| F|  |TAMS 0x000000061d000000, 0x000000061d000000| Untracked 
| 112|0x000000061d400000, 0x000000061d800000, 0x000000061d800000|100%| E|  |TAMS 0x000000061d400000, 0x000000061d400000| Complete 
| 113|0x000000061d800000, 0x000000061dc00000, 0x000000061dc00000|100%| E|CS|TAMS 0x000000061d800000, 0x000000061d800000| Complete 
| 114|0x000000061dc00000, 0x000000061e000000, 0x000000061e000000|100%| E|CS|TAMS 0x000000061dc00000, 0x000000061dc00000| Complete 
| 115|0x000000061e000000, 0x000000061e400000, 0x000000061e400000|100%| E|CS|TAMS 0x000000061e000000, 0x000000061e000000| Complete 
| 116|0x000000061e400000, 0x000000061e800000, 0x000000061e800000|100%| E|CS|TAMS 0x000000061e400000, 0x000000061e400000| Complete 
| 117|0x000000061e800000, 0x000000061ec00000, 0x000000061ec00000|100%| E|CS|TAMS 0x000000061e800000, 0x000000061e800000| Complete 
| 118|0x000000061ec00000, 0x000000061f000000, 0x000000061f000000|100%| E|CS|TAMS 0x000000061ec00000, 0x000000061ec00000| Complete 
| 119|0x000000061f000000, 0x000000061f400000, 0x000000061f400000|100%| E|CS|TAMS 0x000000061f000000, 0x000000061f000000| Complete 
| 120|0x000000061f400000, 0x000000061f800000, 0x000000061f800000|100%| E|CS|TAMS 0x000000061f400000, 0x000000061f400000| Complete 
| 121|0x000000061f800000, 0x000000061fc00000, 0x000000061fc00000|100%| E|CS|TAMS 0x000000061f800000, 0x000000061f800000| Complete 
| 122|0x000000061fc00000, 0x000000061fd45068, 0x0000000620000000| 31%| S|CS|TAMS 0x000000061fc00000, 0x000000061fc00000| Complete 
| 123|0x0000000620000000, 0x0000000620400000, 0x0000000620400000|100%| E|CS|TAMS 0x0000000620000000, 0x0000000620000000| Complete 
| 124|0x0000000620400000, 0x0000000620800000, 0x0000000620800000|100%| E|CS|TAMS 0x0000000620400000, 0x0000000620400000| Complete 
| 125|0x0000000620800000, 0x0000000620c00000, 0x0000000620c00000|100%| E|CS|TAMS 0x0000000620800000, 0x0000000620800000| Complete 
| 126|0x0000000620c00000, 0x0000000621000000, 0x0000000621000000|100%| E|CS|TAMS 0x0000000620c00000, 0x0000000620c00000| Complete 
| 127|0x0000000621000000, 0x0000000621400000, 0x0000000621400000|100%| E|CS|TAMS 0x0000000621000000, 0x0000000621000000| Complete 

Card table byte_map: [0x00000213fd260000,0x00000213fe260000] _byte_map_base: 0x00000213fa256000

Marking Bits (Prev, Next): (CMBitMap*) 0x00000213f49c7ca0, (CMBitMap*) 0x00000213f49c7ce0
 Prev Bits: [0x000002138f000000, 0x0000021396fb0000)
 Next Bits: [0x0000021396fb0000, 0x000002139ef60000)

Polling page: 0x00000213f4130000

Metaspace:

Usage:
  Non-class:     11.76 MB used.
      Class:      1.51 MB used.
       Both:     13.27 MB used.

Virtual space:
  Non-class space:       16.00 MB reserved,      11.88 MB ( 74%) committed,  2 nodes.
      Class space:        1.00 GB reserved,       1.56 MB ( <1%) committed,  1 nodes.
             Both:        1.02 GB reserved,      13.44 MB (  1%) committed. 

Chunk freelists:
   Non-Class:  3.55 MB
       Class:  2.25 MB
        Both:  5.80 MB

MaxMetaspaceSize: unlimited
CompressedClassSpaceSize: 1.00 GB
Initial GC threshold: 21.00 MB
Current GC threshold: 21.00 MB
CDS: on
MetaspaceReclaimPolicy: balanced
 - commit_granule_bytes: 65536.
 - commit_granule_words: 8192.
 - virtual_space_node_default_size: 1048576.
 - enlarge_chunks_in_place: 1.
 - new_chunks_are_fully_committed: 0.
 - uncommit_free_chunks: 1.
 - use_allocation_guard: 0.
 - handle_deallocations: 1.


Internal statistics:

num_allocs_failed_limit: 0.
num_arena_births: 72.
num_arena_deaths: 0.
num_vsnodes_births: 3.
num_vsnodes_deaths: 0.
num_space_committed: 215.
num_space_uncommitted: 0.
num_chunks_returned_to_freelist: 0.
num_chunks_taken_from_freelist: 516.
num_chunk_merges: 0.
num_chunk_splits: 364.
num_chunks_enlarged: 286.
num_purges: 0.
num_inconsistent_stats: 0.

CodeHeap 'non-profiled nmethods': size=120000Kb used=1462Kb max_used=1462Kb free=118537Kb
 bounds [0x0000021387ad0000, 0x0000021387d40000, 0x000002138f000000]
CodeHeap 'profiled nmethods': size=120000Kb used=6148Kb max_used=6148Kb free=113852Kb
 bounds [0x00000213805a0000, 0x0000021380bb0000, 0x0000021387ad0000]
CodeHeap 'non-nmethods': size=5760Kb used=1176Kb max_used=1231Kb free=4583Kb
 bounds [0x0000021380000000, 0x0000021380270000, 0x00000213805a0000]
 total_blobs=3629 nmethods=3161 adapters=380
 compilation: enabled
              stopped_count=0, restarted_count=0
 full_count=0

Compilation events (20 events):
Event: 2.669 Thread 0x00000213a1919d10 3154       3       org.apache.maven.model.building.ModelData::getArtifactId (17 bytes)
Event: 2.669 Thread 0x00000213a1919d10 nmethod 3154 0x0000021380b9b910 code [0x0000021380b9baa0, 0x0000021380b9bc38]
Event: 2.669 Thread 0x00000213a1919d10 3155   !   3       org.eclipse.aether.util.version.GenericVersion$Tokenizer::toItem (285 bytes)
Event: 2.671 Thread 0x00000213a1919d10 nmethod 3155 0x0000021380b9bd10 code [0x0000021380b9c160, 0x0000021380b9e2f8]
Event: 2.673 Thread 0x00000213a3732eb0 nmethod 3146 0x0000021387c36e10 code [0x0000021387c36fc0, 0x0000021387c376e8]
Event: 2.674 Thread 0x00000213a1919d10 3156   !   3       sun.nio.cs.StreamDecoder::read (196 bytes)
Event: 2.676 Thread 0x00000213a1919d10 nmethod 3156 0x0000021380b9ee10 code [0x0000021380b9f080, 0x0000021380b9fc88]
Event: 2.676 Thread 0x00000213a3732eb0 3157       4       com.google.inject.internal.InternalContext::doPushState (63 bytes)
Event: 2.678 Thread 0x00000213a1919d10 3158       3       org.apache.maven.model.ReportPlugin::<init> (16 bytes)
Event: 2.678 Thread 0x00000213a1919d10 nmethod 3158 0x0000021380ba0190 code [0x0000021380ba0340, 0x0000021380ba05b8]
Event: 2.678 Thread 0x00000213a1919d10 3160       3       org.apache.maven.model.merge.ModelMerger$ResourceKeyComputer::<init> (6 bytes)
Event: 2.678 Thread 0x00000213a1919d10 nmethod 3160 0x0000021380ba0690 code [0x0000021380ba0840, 0x0000021380ba0a78]
Event: 2.678 Thread 0x00000213a1919d10 3159       1       org.apache.maven.model.Model::setContributors (6 bytes)
Event: 2.678 Thread 0x00000213a1919d10 nmethod 3159 0x0000021387c37a10 code [0x0000021387c37ba0, 0x0000021387c37cb8]
Event: 2.678 Thread 0x00000213a1919d10 3161       1       org.apache.maven.model.Resource::getTargetPath (5 bytes)
Event: 2.678 Thread 0x00000213a1919d10 nmethod 3161 0x0000021387c37d10 code [0x0000021387c37ea0, 0x0000021387c37f78]
Event: 2.678 Thread 0x00000213a1919d10 3162       3       org.apache.maven.model.Model::getProjectDirectory (19 bytes)
Event: 2.678 Thread 0x00000213a1919d10 nmethod 3162 0x0000021380ba0b90 code [0x0000021380ba0d40, 0x0000021380ba0f28]
Event: 2.679 Thread 0x00000213a1919d10 3163       1       org.eclipse.aether.resolution.ArtifactDescriptorResult::getArtifact (5 bytes)
Event: 2.679 Thread 0x00000213a1919d10 nmethod 3163 0x0000021387c38010 code [0x0000021387c381a0, 0x0000021387c38278]

GC Heap History (4 events):
Event: 0.769 GC heap before
{Heap before GC invocations=0 (full 0):
 garbage-first heap   total 524288K, used 24576K [0x0000000601400000, 0x0000000800000000)
  region size 4096K, 6 young (24576K), 0 survivors (0K)
 Metaspace       used 5738K, committed 5888K, reserved 1056768K
  class space    used 659K, committed 704K, reserved 1048576K
}
Event: 0.777 GC heap after
{Heap after GC invocations=1 (full 0):
 garbage-first heap   total 524288K, used 3888K [0x0000000601400000, 0x0000000800000000)
  region size 4096K, 1 young (4096K), 1 survivors (4096K)
 Metaspace       used 5738K, committed 5888K, reserved 1056768K
  class space    used 659K, committed 704K, reserved 1048576K
}
Event: 1.130 GC heap before
{Heap before GC invocations=1 (full 0):
 garbage-first heap   total 524288K, used 24368K [0x0000000601400000, 0x0000000800000000)
  region size 4096K, 6 young (24576K), 1 survivors (4096K)
 Metaspace       used 8420K, committed 8640K, reserved 1064960K
  class space    used 994K, committed 1088K, reserved 1048576K
}
Event: 1.133 GC heap after
{Heap after GC invocations=2 (full 0):
 garbage-first heap   total 524288K, used 5048K [0x0000000601400000, 0x0000000800000000)
  region size 4096K, 1 young (4096K), 1 survivors (4096K)
 Metaspace       used 8420K, committed 8640K, reserved 1064960K
  class space    used 994K, committed 1088K, reserved 1048576K
}

Deoptimization events (20 events):
Event: 2.414 Thread 0x00000213f4952ce0 Uncommon trap: trap_request=0xffffffde fr.pc=0x0000021387bb5234 relative=0x00000000000017d4
Event: 2.414 Thread 0x00000213f4952ce0 Uncommon trap: reason=class_check action=maybe_recompile pc=0x0000021387bb5234 method=java.nio.charset.CharsetDecoder.decode(Ljava/nio/ByteBuffer;Ljava/nio/CharBuffer;Z)Ljava/nio/charset/CoderResult; @ 57 c2
Event: 2.414 Thread 0x00000213f4952ce0 DEOPT PACKING pc=0x0000021387bb5234 sp=0x000000ba68ffc940
Event: 2.414 Thread 0x00000213f4952ce0 DEOPT UNPACKING pc=0x00000213800523a3 sp=0x000000ba68ffc710 mode 2
Event: 2.415 Thread 0x00000213f4952ce0 Uncommon trap: trap_request=0xffffff45 fr.pc=0x0000021387bee4cc relative=0x00000000000000ac
Event: 2.415 Thread 0x00000213f4952ce0 Uncommon trap: reason=unstable_if action=reinterpret pc=0x0000021387bee4cc method=org.apache.maven.model.io.xpp3.MavenXpp3Reader.nextTag(Lorg/codehaus/plexus/util/xml/pull/XmlPullParser;)I @ 9 c2
Event: 2.415 Thread 0x00000213f4952ce0 DEOPT PACKING pc=0x0000021387bee4cc sp=0x000000ba68ffcd50
Event: 2.415 Thread 0x00000213f4952ce0 DEOPT UNPACKING pc=0x00000213800523a3 sp=0x000000ba68ffcce0 mode 2
Event: 2.552 Thread 0x00000213f4952ce0 DEOPT PACKING pc=0x00000213807e6530 sp=0x000000ba68ffc9b0
Event: 2.552 Thread 0x00000213f4952ce0 DEOPT UNPACKING pc=0x0000021380052b43 sp=0x000000ba68ffbe60 mode 0
Event: 2.558 Thread 0x00000213f4952ce0 Uncommon trap: trap_request=0xffffffc6 fr.pc=0x0000021387bc2770 relative=0x00000000000016b0
Event: 2.558 Thread 0x00000213f4952ce0 Uncommon trap: reason=bimorphic_or_optimized_type_check action=maybe_recompile pc=0x0000021387bc2770 method=java.util.HashMap.putVal(ILjava/lang/Object;Ljava/lang/Object;ZZ)Ljava/lang/Object; @ 203 c2
Event: 2.559 Thread 0x00000213f4952ce0 DEOPT PACKING pc=0x0000021387bc2770 sp=0x000000ba68ffd2e0
Event: 2.559 Thread 0x00000213f4952ce0 DEOPT UNPACKING pc=0x00000213800523a3 sp=0x000000ba68ffd290 mode 2
Event: 2.573 Thread 0x00000213f4952ce0 Uncommon trap: trap_request=0xffffff45 fr.pc=0x0000021387c1b338 relative=0x00000000000005f8
Event: 2.573 Thread 0x00000213f4952ce0 Uncommon trap: reason=unstable_if action=reinterpret pc=0x0000021387c1b338 method=java.util.HashMap.getNode(Ljava/lang/Object;)Ljava/util/HashMap$Node; @ 57 c2
Event: 2.573 Thread 0x00000213f4952ce0 DEOPT PACKING pc=0x0000021387c1b338 sp=0x000000ba68ffdb50
Event: 2.573 Thread 0x00000213f4952ce0 DEOPT UNPACKING pc=0x00000213800523a3 sp=0x000000ba68ffdad0 mode 2
Event: 2.606 Thread 0x00000213f4952ce0 DEOPT PACKING pc=0x00000213806a050b sp=0x000000ba68ffd9b0
Event: 2.606 Thread 0x00000213f4952ce0 DEOPT UNPACKING pc=0x0000021380052b43 sp=0x000000ba68ffce90 mode 0

Classes unloaded (0 events):
No events

Classes redefined (0 events):
No events

Internal exceptions (12 events):
Event: 0.101 Thread 0x00000213a1913aa0 Exception <a 'java/lang/NoSuchMethodError'{0x000000062126af18}: 'java.lang.Object java.lang.invoke.DirectMethodHandle$Holder.invokeStaticInit(java.lang.Object)'> (0x000000062126af18) 
thrown [t:\workspace\open\src\hotspot\share\interpreter\linkResolver.cpp, line 766]
Event: 0.107 Thread 0x00000213a1913aa0 Exception <a 'java/lang/NoSuchMethodError'{0x0000000621278cf0}: 'void java.lang.invoke.DirectMethodHandle$Holder.invokeStatic(java.lang.Object, java.lang.Object)'> (0x0000000621278cf0) 
thrown [t:\workspace\open\src\hotspot\share\interpreter\linkResolver.cpp, line 766]
Event: 0.185 Thread 0x00000213f4952ce0 Exception <a 'java/lang/NoSuchMethodError'{0x0000000620e1c8c0}: 'java.lang.Object java.lang.invoke.DirectMethodHandle$Holder.invokeStaticInit(java.lang.Object, int, int, int, int)'> (0x0000000620e1c8c0) 
thrown [t:\workspace\open\src\hotspot\share\interpreter\linkResolver.cpp, line 766]
Event: 0.267 Thread 0x00000213f4952ce0 Exception <a 'java/lang/NoSuchMethodError'{0x0000000620efeeb8}: 'java.lang.Object java.lang.invoke.DirectMethodHandle$Holder.invokeStaticInit(java.lang.Object, java.lang.Object, int, int, int, int)'> (0x0000000620efeeb8) 
thrown [t:\workspace\open\src\hotspot\share\interpreter\linkResolver.cpp, line 766]
Event: 0.678 Thread 0x00000213f4952ce0 Exception <a 'java/lang/NoSuchMethodError'{0x0000000620179bc0}: 'java.lang.Object java.lang.invoke.DirectMethodHandle$Holder.newInvokeSpecial(java.lang.Object, java.lang.Object, java.lang.Object, java.lang.Object, java.lang.Object)'> (0x0000000620179bc0) 
thrown [t:\workspace\open\src\hotspot\share\interpreter\linkResolver.cpp, line 766]
Event: 1.414 Thread 0x00000213f4952ce0 Exception <a 'java/lang/NoClassDefFoundError'{0x00000006205fcf80}: com/google/inject/servlet/ServletModuleTargetVisitor> (0x00000006205fcf80) 
thrown [t:\workspace\open\src\hotspot\share\classfile\systemDictionary.cpp, line 245]
Event: 1.414 Thread 0x00000213f4952ce0 Exception <a 'java/lang/NoClassDefFoundError'{0x00000006205fea80}: javax/annotation/Priority> (0x00000006205fea80) 
thrown [t:\workspace\open\src\hotspot\share\classfile\systemDictionary.cpp, line 245]
Event: 2.072 Thread 0x00000213f4952ce0 Implicit null exception at 0x0000021387baa3e0 to 0x0000021387baa47a
Event: 2.075 Thread 0x00000213f4952ce0 Implicit null exception at 0x0000021387b713ef to 0x0000021387b717c8
Event: 2.078 Thread 0x00000213f4952ce0 Implicit null exception at 0x0000021387b5a2ef to 0x0000021387b5a6b0
Event: 2.080 Thread 0x00000213f4952ce0 Implicit null exception at 0x0000021387b04d0f to 0x0000021387b04d89
Event: 2.573 Thread 0x00000213f4952ce0 Implicit null exception at 0x0000021387c1ae34 to 0x0000021387c1b318

VM Operations (20 events):
Event: 1.116 Executing VM operation: HandshakeAllThreads
Event: 1.116 Executing VM operation: HandshakeAllThreads done
Event: 1.129 Executing VM operation: G1CollectForAllocation
Event: 1.133 Executing VM operation: G1CollectForAllocation done
Event: 1.293 Executing VM operation: HandshakeAllThreads
Event: 1.293 Executing VM operation: HandshakeAllThreads done
Event: 1.295 Executing VM operation: HandshakeAllThreads
Event: 1.295 Executing VM operation: HandshakeAllThreads done
Event: 1.396 Executing VM operation: HandshakeAllThreads
Event: 1.396 Executing VM operation: HandshakeAllThreads done
Event: 1.465 Executing VM operation: ICBufferFull
Event: 1.465 Executing VM operation: ICBufferFull done
Event: 1.476 Executing VM operation: HandshakeAllThreads
Event: 1.476 Executing VM operation: HandshakeAllThreads done
Event: 1.547 Executing VM operation: HandshakeAllThreads
Event: 1.547 Executing VM operation: HandshakeAllThreads done
Event: 2.071 Executing VM operation: ICBufferFull
Event: 2.071 Executing VM operation: ICBufferFull done
Event: 2.622 Executing VM operation: ICBufferFull
Event: 2.622 Executing VM operation: ICBufferFull done

Events (20 events):
Event: 1.577 loading class sun/util/resources/LocaleData$CommonResourceBundleProvider
Event: 1.577 loading class sun/util/resources/LocaleData$LocaleDataResourceBundleProvider
Event: 1.577 loading class java/util/spi/ResourceBundleProvider
Event: 1.577 loading class java/util/spi/ResourceBundleProvider done
Event: 1.577 loading class sun/util/resources/LocaleData$LocaleDataResourceBundleProvider done
Event: 1.577 loading class sun/util/resources/LocaleData$CommonResourceBundleProvider done
Event: 1.577 loading class sun/util/resources/Bundles$2
Event: 1.577 loading class sun/util/resources/Bundles$2 done
Event: 1.617 loading class java/lang/Short$ShortCache
Event: 1.617 loading class java/lang/Short$ShortCache done
Event: 1.617 loading class java/lang/Byte$ByteCache
Event: 1.617 loading class java/lang/Byte$ByteCache done
Event: 1.641 loading class java/util/LinkedList$ListItr
Event: 1.642 loading class java/util/LinkedList$ListItr done
Event: 2.217 Thread 0x00000213a2313c10 Thread exited: 0x00000213a2313c10
Event: 2.413 loading class sun/nio/cs/ISO_8859_1$Decoder
Event: 2.414 loading class sun/nio/cs/ISO_8859_1$Decoder done
Event: 2.422 Thread 0x00000213a3732eb0 Thread added: 0x00000213a3732eb0
Event: 2.489 loading class java/util/Collections$UnmodifiableList$1
Event: 2.489 loading class java/util/Collections$UnmodifiableList$1 done


Dynamic libraries:
0x00007ff614100000 - 0x00007ff61410e000 	C:\Users\james\.jdks\openjdk-17.0.1\bin\java.exe
0x00007ff8dfc20000 - 0x00007ff8dfe29000 	C:\WINDOWS\SYSTEM32\ntdll.dll
0x00007ff8de5e0000 - 0x00007ff8de69d000 	C:\WINDOWS\System32\KERNEL32.DLL
0x00007ff8dd240000 - 0x00007ff8dd5bd000 	C:\WINDOWS\System32\KERNELBASE.dll
0x00007ff8dd5c0000 - 0x00007ff8dd6d1000 	C:\WINDOWS\System32\ucrtbase.dll
0x00007ff8b4280000 - 0x00007ff8b429a000 	C:\Users\james\.jdks\openjdk-17.0.1\bin\VCRUNTIME140.dll
0x00007ff8c4530000 - 0x00007ff8c4548000 	C:\Users\james\.jdks\openjdk-17.0.1\bin\jli.dll
0x00007ff8c9620000 - 0x00007ff8c98c5000 	C:\WINDOWS\WinSxS\amd64_microsoft.windows.common-controls_6595b64144ccf1df_6.0.22000.120_none_9d947278b86cc467\COMCTL32.dll
0x00007ff8dddf0000 - 0x00007ff8dde93000 	C:\WINDOWS\System32\msvcrt.dll
0x00007ff8df8b0000 - 0x00007ff8dfa5d000 	C:\WINDOWS\System32\USER32.dll
0x00007ff8ddd30000 - 0x00007ff8ddd59000 	C:\WINDOWS\System32\GDI32.dll
0x00007ff8dda10000 - 0x00007ff8dda36000 	C:\WINDOWS\System32\win32u.dll
0x00007ff8dd8f0000 - 0x00007ff8dda08000 	C:\WINDOWS\System32\gdi32full.dll
0x00007ff8dd6e0000 - 0x00007ff8dd77d000 	C:\WINDOWS\System32\msvcp_win.dll
0x00007ff8ddb50000 - 0x00007ff8ddb81000 	C:\WINDOWS\System32\IMM32.DLL
0x00007ff8c4600000 - 0x00007ff8c460c000 	C:\Users\james\.jdks\openjdk-17.0.1\bin\vcruntime140_1.dll
0x00007ff8a5310000 - 0x00007ff8a539d000 	C:\Users\james\.jdks\openjdk-17.0.1\bin\msvcp140.dll
0x00007ff866f70000 - 0x00007ff867b2e000 	C:\Users\james\.jdks\openjdk-17.0.1\bin\server\jvm.dll
0x00007ff8ddb90000 - 0x00007ff8ddc3e000 	C:\WINDOWS\System32\ADVAPI32.dll
0x00007ff8ddab0000 - 0x00007ff8ddb4e000 	C:\WINDOWS\System32\sechost.dll
0x00007ff8ddeb0000 - 0x00007ff8ddfd0000 	C:\WINDOWS\System32\RPCRT4.dll
0x00007ff8ddea0000 - 0x00007ff8ddea8000 	C:\WINDOWS\System32\PSAPI.DLL
0x00007ff87dc40000 - 0x00007ff87dc49000 	C:\WINDOWS\SYSTEM32\WSOCK32.dll
0x00007ff8df4e0000 - 0x00007ff8df54f000 	C:\WINDOWS\System32\WS2_32.dll
0x00007ff8d75f0000 - 0x00007ff8d7623000 	C:\WINDOWS\SYSTEM32\WINMM.dll
0x00007ff8d63a0000 - 0x00007ff8d63aa000 	C:\WINDOWS\SYSTEM32\VERSION.dll
0x00007ff8dc1c0000 - 0x00007ff8dc1d8000 	C:\WINDOWS\SYSTEM32\kernel.appcore.dll
0x00007ff8c4570000 - 0x00007ff8c457a000 	C:\Users\james\.jdks\openjdk-17.0.1\bin\jimage.dll
0x00007ff8dab60000 - 0x00007ff8dad81000 	C:\WINDOWS\SYSTEM32\DBGHELP.DLL
0x00007ff8c2bf0000 - 0x00007ff8c2c21000 	C:\WINDOWS\SYSTEM32\dbgcore.DLL
0x00007ff8dd100000 - 0x00007ff8dd17f000 	C:\WINDOWS\System32\bcryptPrimitives.dll
0x00007ff8ad0d0000 - 0x00007ff8ad0de000 	C:\Users\james\.jdks\openjdk-17.0.1\bin\instrument.dll
0x00007ff8b3a80000 - 0x00007ff8b3aa5000 	C:\Users\james\.jdks\openjdk-17.0.1\bin\java.dll
0x00007ff871e40000 - 0x00007ff871f16000 	C:\Users\james\.jdks\openjdk-17.0.1\bin\svml.dll
0x00007ff8de6a0000 - 0x00007ff8dee58000 	C:\WINDOWS\System32\SHELL32.dll
0x00007ff8db230000 - 0x00007ff8dba98000 	C:\WINDOWS\SYSTEM32\windows.storage.dll
0x00007ff8deed0000 - 0x00007ff8df249000 	C:\WINDOWS\System32\combase.dll
0x00007ff8db0c0000 - 0x00007ff8db226000 	C:\WINDOWS\SYSTEM32\wintypes.dll
0x00007ff8ddc40000 - 0x00007ff8ddd2a000 	C:\WINDOWS\System32\SHCORE.dll
0x00007ff8df2c0000 - 0x00007ff8df31d000 	C:\WINDOWS\System32\shlwapi.dll
0x00007ff8dd030000 - 0x00007ff8dd051000 	C:\WINDOWS\SYSTEM32\profapi.dll
0x00007ff8b2a20000 - 0x00007ff8b2a38000 	C:\Users\james\.jdks\openjdk-17.0.1\bin\zip.dll
0x00007ff8b4100000 - 0x00007ff8b4119000 	C:\Users\james\.jdks\openjdk-17.0.1\bin\net.dll
0x00007ff8d7630000 - 0x00007ff8d773c000 	C:\WINDOWS\SYSTEM32\WINHTTP.dll
0x00007ff8dc6d0000 - 0x00007ff8dc737000 	C:\WINDOWS\system32\mswsock.dll
0x00007ff8b2a40000 - 0x00007ff8b2a55000 	C:\Users\james\.jdks\openjdk-17.0.1\bin\nio.dll
0x00007ff8a9820000 - 0x00007ff8a983a000 	E:\JetBrains\IntelliJ IDEA 2022.2.3\bin\breakgen64.dll
0x00007ff8d9f40000 - 0x00007ff8d9f50000 	C:\Users\james\.jdks\openjdk-17.0.1\bin\verify.dll
0x00007ff8dc960000 - 0x00007ff8dc978000 	C:\WINDOWS\SYSTEM32\CRYPTSP.dll
0x00007ff8dc120000 - 0x00007ff8dc155000 	C:\WINDOWS\system32\rsaenh.dll
0x00007ff8dc770000 - 0x00007ff8dc799000 	C:\WINDOWS\SYSTEM32\USERENV.dll
0x00007ff8dcac0000 - 0x00007ff8dcae7000 	C:\WINDOWS\SYSTEM32\bcrypt.dll
0x00007ff8dc8c0000 - 0x00007ff8dc8cc000 	C:\WINDOWS\SYSTEM32\CRYPTBASE.dll
0x00007ff8dbd30000 - 0x00007ff8dbd5d000 	C:\WINDOWS\SYSTEM32\IPHLPAPI.DLL
0x00007ff8dee60000 - 0x00007ff8dee69000 	C:\WINDOWS\System32\NSI.dll
0x00007ff8d7a60000 - 0x00007ff8d7a79000 	C:\WINDOWS\SYSTEM32\dhcpcsvc6.DLL
0x00007ff8d7c70000 - 0x00007ff8d7c8e000 	C:\WINDOWS\SYSTEM32\dhcpcsvc.DLL
0x00007ff8dbd60000 - 0x00007ff8dbe48000 	C:\WINDOWS\SYSTEM32\DNSAPI.dll
0x00007ff8ab1b0000 - 0x00007ff8ab1ba000 	C:\Users\james\AppData\Local\Temp\jansi-1.17.1-4009253470080804616.dll
0x00007ff8ab040000 - 0x00007ff8ab04a000 	C:\Users\james\AppData\Local\Temp\jansi-1.17.1-10845388193413205286.dll

dbghelp: loaded successfully - version: 4.0.5 - missing functions: none
symbol engine: initialized successfully - sym options: 0x614 - pdb path: .;C:\Users\james\.jdks\openjdk-17.0.1\bin;C:\WINDOWS\SYSTEM32;C:\WINDOWS\WinSxS\amd64_microsoft.windows.common-controls_6595b64144ccf1df_6.0.22000.120_none_9d947278b86cc467;C:\Users\james\.jdks\openjdk-17.0.1\bin\server;E:\JetBrains\IntelliJ IDEA 2022.2.3\bin;C:\Users\james\AppData\Local\Temp

VM Arguments:
jvm_args: -Dmaven.multiModuleProjectDirectory=E:\Users\james\Desktop\IntelliJ Proj\KeeleMCServer\KeeleSurvival -Dmaven.home=E:\JetBrains\IntelliJ IDEA 2022.2.3\plugins\maven\lib\maven3 -Dclassworlds.conf=E:\JetBrains\IntelliJ IDEA 2022.2.3\plugins\maven\lib\maven3\bin\m2.conf -Dmaven.ext.class.path=E:\JetBrains\IntelliJ IDEA 2022.2.3\plugins\maven\lib\maven-event-listener.jar -javaagent:E:\JetBrains\IntelliJ IDEA 2022.2.3\lib\idea_rt.jar=56808:E:\JetBrains\IntelliJ IDEA 2022.2.3\bin -Dfile.encoding=UTF-8 
java_command: org.codehaus.classworlds.Launcher -Didea.version=2022.2.3 clean package
java_class_path (initial): E:\JetBrains\IntelliJ IDEA 2022.2.3\plugins\maven\lib\maven3\boot\plexus-classworlds-2.6.0.jar;E:\JetBrains\IntelliJ IDEA 2022.2.3\plugins\maven\lib\maven3\boot\plexus-classworlds.license
Launcher Type: SUN_STANDARD

[Global flags]
     intx CICompilerCount                          = 3                                         {product} {ergonomic}
     uint ConcGCThreads                            = 2                                         {product} {ergonomic}
     uint G1ConcRefinementThreads                  = 6                                         {product} {ergonomic}
   size_t G1HeapRegionSize                         = 4194304                                   {product} {ergonomic}
    uintx GCDrainStackTargetSize                   = 64                                        {product} {ergonomic}
   size_t InitialHeapSize                          = 536870912                                 {product} {ergonomic}
   size_t MarkStackSize                            = 4194304                                   {product} {ergonomic}
   size_t MaxHeapSize                              = 8568963072                                {product} {ergonomic}
   size_t MaxNewSize                               = 5138022400                                {product} {ergonomic}
   size_t MinHeapDeltaBytes                        = 4194304                                   {product} {ergonomic}
   size_t MinHeapSize                              = 8388608                                   {product} {ergonomic}
    uintx NonNMethodCodeHeapSize                   = 5832780                                {pd product} {ergonomic}
    uintx NonProfiledCodeHeapSize                  = 122912730                              {pd product} {ergonomic}
    uintx ProfiledCodeHeapSize                     = 122912730                              {pd product} {ergonomic}
    uintx ReservedCodeCacheSize                    = 251658240                              {pd product} {ergonomic}
     bool SegmentedCodeCache                       = true                                      {product} {ergonomic}
   size_t SoftMaxHeapSize                          = 8568963072                             {manageable} {ergonomic}
     bool UseCompressedClassPointers               = true                           {product lp64_product} {ergonomic}
     bool UseCompressedOops                        = true                           {product lp64_product} {ergonomic}
     bool UseG1GC                                  = true                                      {product} {ergonomic}
     bool UseLargePagesIndividualAllocation        = false                                  {pd product} {ergonomic}

Logging:
Log output configuration:
 #0: stdout all=warning uptime,level,tags
 #1: stderr all=off uptime,level,tags

Environment Variables:
JAVA_HOME=C:\Program Files\Java\jdk-16.0.1
PATH=C:\Program Files (x86)\VMware\VMware Player\bin\;C:\Program Files\Oculus\Support\oculus-runtime;C:\Program Files\Common Files\Oracle\Java\javapath;C:\Program Files (x86)\Common Files\Oracle\Java\javapath;C:\Program Files (x86)\Razer Chroma SDK\bin;C:\Program Files\Razer Chroma SDK\bin;C:\Program Files (x86)\Razer\ChromaBroadcast\bin;C:\Program Files\Razer\ChromaBroadcast\bin;C:\windows\system32;C:\windows;C:\windows\System32\Wbem;C:\windows\System32\WindowsPowerShell\v1.0\;C:\windows\System32\OpenSSH\;C:\Program Files (x86)\NVIDIA Corporation\PhysX\Common;C:\Program Files\NVIDIA Corporation\NVIDIA NvDLISR;C:\windows\system32\config\systemprofile\AppData\Local\Microsoft\WindowsApps;C:\Program Files (x86)\QuickTime\QTSystem\;C:\Program Files\nodejs\;C:\Program Files\Java\jdk-16.0.1\bin;C:\WINDOWS\system32;C:\WINDOWS;C:\WINDOWS\System32\Wbem;C:\WINDOWS\System32\WindowsPowerShell\v1.0\;C:\WINDOWS\System32\OpenSSH\;E:\Git\Git\cmd;C:\Program Files\Google\Google Apps Sync\;E:\Users\james\Desktop\Coding\Misc\bin;;C:\Program Files\Docker\Docker\resources\bin;C:\ProgramData\DockerDesktop\version-bin;C:\Users\james\.poetry\bin;C:\Users\james\AppData\Local\Programs\Python\Python310\Scripts\;C:\Users\james\AppData\Local\Programs\Python\Python310\;C:\Users\james\AppData\Local\Microsoft\WindowsApps;E:\IntelliJ\IntelliJ IDEA Community Edition 2020.3.1\bin;C:\Users\james\AppData\Roaming\npm;C:\Users\james\AppData\Local\Programs\Microsoft VS Code\bin;C:\Users\james\AppData\Local\GitHubDesktop\bin;C:\Users\james\.dotnet\tools;C:\Users\james\AppData\Local\JetBrains\Toolbox\scripts;E:\Users\james\Desktop\Coding\Misc\bin;;E:\JetBrains\CLion 2022.2.3\bin;;E:\JetBrains\IntelliJ IDEA 2022.2.3\bin;;E:\JetBrains\PyCharm 2022.2.2\bin;;E:\JetBrains\WebStorm 2022.2.2\bin;
USERNAME=james
OS=Windows_NT
PROCESSOR_IDENTIFIER=Intel64 Family 6 Model 158 Stepping 10, GenuineIntel



---------------  S Y S T E M  ---------------

OS:
 Windows 10 , 64 bit Build 22000 (10.0.22000.708)
OS uptime: 0 days 16:09 hours
Hyper-V role detected

CPU: total 6 (initial active 6) (6 cores per cpu, 1 threads per core) family 6 model 158 stepping 10 microcode 0xde, cx8, cmov, fxsr, mmx, 3dnowpref, sse, sse2, sse3, ssse3, sse4.1, sse4.2, popcnt, lzcnt, tsc, tscinvbit, avx, avx2, aes, erms, clmul, bmi1, bmi2, adx, fma, vzeroupper, clflush, clflushopt, hv

Memory: 4k page, system-wide physical 32685M (8445M free)
TotalPageFile size 40927M (AvailPageFile size 10868M)
current process WorkingSet (physical memory assigned to process): 147M, peak: 150M
current process commit charge ("private bytes"): 645M, peak: 650M

vm_info: OpenJDK 64-Bit Server VM (17.0.1+12-39) for windows-amd64 JRE (17.0.1+12-39), built on Sep 27 2021 18:39:29 by "mach5one" with MS VC++ 16.8 (VS2019)

END.
